<?xml version="1.0" encoding="UTF-8"?>
<coverage generated="1774786146145" clover="3.2.0">
  <project timestamp="1774786146145" name="All files">
    <metrics statements="109" coveredstatements="109" conditionals="70" coveredconditionals="68" methods="26" coveredmethods="26" elements="205" coveredelements="203" complexity="0" loc="109" ncloc="109" packages="4" files="8" classes="8"/>
    <package name="api">
      <metrics statements="41" coveredstatements="41" conditionals="30" coveredconditionals="28" methods="9" coveredmethods="9"/>
      <file name="client.js" path="C:\Users\norap\Desktop\Practical\frontend\src\api\client.js">
        <metrics statements="41" coveredstatements="41" conditionals="30" coveredconditionals="28" methods="9" coveredmethods="9"/>
        <line num="1" count="1" type="stmt"/>
        <line num="9" count="12" type="stmt"/>
        <line num="10" count="12" type="cond" truecount="2" falsecount="0"/>
        <line num="11" count="1" type="stmt"/>
        <line num="13" count="11" type="stmt"/>
        <line num="17" count="3" type="stmt"/>
        <line num="18" count="3" type="stmt"/>
        <line num="20" count="3" type="stmt"/>
        <line num="25" count="3" type="cond" truecount="2" falsecount="0"/>
        <line num="26" count="2" type="stmt"/>
        <line num="27" count="2" type="cond" truecount="2" falsecount="0"/>
        <line num="30" count="1" type="stmt"/>
        <line num="34" count="3" type="stmt"/>
        <line num="40" count="3" type="cond" truecount="2" falsecount="0"/>
        <line num="41" count="2" type="stmt"/>
        <line num="42" count="2" type="cond" truecount="2" falsecount="0"/>
        <line num="45" count="1" type="stmt"/>
        <line num="49" count="3" type="stmt"/>
        <line num="55" count="3" type="cond" truecount="2" falsecount="0"/>
        <line num="56" count="2" type="stmt"/>
        <line num="57" count="2" type="cond" truecount="2" falsecount="0"/>
        <line num="60" count="1" type="stmt"/>
        <line num="64" count="4" type="stmt"/>
        <line num="69" count="4" type="cond" truecount="2" falsecount="0"/>
        <line num="71" count="2" type="stmt"/>
        <line num="72" count="2" type="cond" truecount="1" falsecount="1"/>
        <line num="74" count="2" type="stmt"/>
        <line num="78" count="4" type="stmt"/>
        <line num="83" count="4" type="cond" truecount="2" falsecount="0"/>
        <line num="85" count="2" type="stmt"/>
        <line num="86" count="2" type="cond" truecount="1" falsecount="1"/>
        <line num="88" count="2" type="stmt"/>
        <line num="92" count="3" type="stmt"/>
        <line num="97" count="3" type="cond" truecount="2" falsecount="0"/>
        <line num="98" count="1" type="stmt"/>
        <line num="100" count="2" type="stmt"/>
        <line num="104" count="3" type="stmt"/>
        <line num="109" count="3" type="cond" truecount="2" falsecount="0"/>
        <line num="110" count="2" type="stmt"/>
        <line num="111" count="2" type="cond" truecount="2" falsecount="0"/>
        <line num="113" count="1" type="stmt"/>
      </file>
    </package>
    <package name="components">
      <metrics statements="11" coveredstatements="11" conditionals="22" coveredconditionals="22" methods="4" coveredmethods="4"/>
      <file name="Layout.css" path="C:\Users\norap\Desktop\Practical\frontend\src\components\Layout.css">
        <metrics statements="0" coveredstatements="0" conditionals="0" coveredconditionals="0" methods="0" coveredmethods="0"/>
      </file>
      <file name="Layout.jsx" path="C:\Users\norap\Desktop\Practical\frontend\src\components\Layout.jsx">
        <metrics statements="4" coveredstatements="4" conditionals="11" coveredconditionals="11" methods="1" coveredmethods="1"/>
        <line num="9" count="11" type="stmt"/>
        <line num="10" count="11" type="stmt"/>
        <line num="12" count="11" type="cond" truecount="3" falsecount="0"/>
        <line num="16" count="11" type="stmt"/>
      </file>
      <file name="Navbar.css" path="C:\Users\norap\Desktop\Practical\frontend\src\components\Navbar.css">
        <metrics statements="0" coveredstatements="0" conditionals="0" coveredconditionals="0" methods="0" coveredmethods="0"/>
      </file>
      <file name="Navbar.jsx" path="C:\Users\norap\Desktop\Practical\frontend\src\components\Navbar.jsx">
        <metrics statements="7" coveredstatements="7" conditionals="11" coveredconditionals="11" methods="3" coveredmethods="3"/>
        <line num="6" count="11" type="stmt"/>
        <line num="7" count="11" type="stmt"/>
        <line num="9" count="11" type="cond" truecount="3" falsecount="0"/>
        <line num="11" count="11" type="stmt"/>
        <line num="18" count="1" type="stmt"/>
        <line num="60" count="1" type="stmt"/>
        <line num="61" count="1" type="stmt"/>
      </file>
    </package>
    <package name="contexts">
      <metrics statements="26" coveredstatements="26" conditionals="4" coveredconditionals="4" methods="7" coveredmethods="7"/>
      <file name="AppContext.jsx" path="C:\Users\norap\Desktop\Practical\frontend\src\contexts\AppContext.jsx">
        <metrics statements="26" coveredstatements="26" conditionals="4" coveredconditionals="4" methods="7" coveredmethods="7"/>
        <line num="3" count="4" type="stmt"/>
        <line num="7" count="66" type="stmt"/>
        <line num="8" count="37" type="stmt"/>
        <line num="9" count="37" type="cond" truecount="2" falsecount="0"/>
        <line num="13" count="66" type="stmt"/>
        <line num="14" count="66" type="stmt"/>
        <line num="15" count="66" type="stmt"/>
        <line num="18" count="66" type="stmt"/>
        <line num="21" count="66" type="stmt"/>
        <line num="23" count="66" type="stmt"/>
        <line num="24" count="2" type="stmt"/>
        <line num="25" count="2" type="stmt"/>
        <line num="26" count="2" type="stmt"/>
        <line num="29" count="66" type="stmt"/>
        <line num="30" count="1" type="stmt"/>
        <line num="31" count="1" type="stmt"/>
        <line num="32" count="1" type="stmt"/>
        <line num="33" count="1" type="stmt"/>
        <line num="34" count="1" type="stmt"/>
        <line num="35" count="1" type="stmt"/>
        <line num="38" count="66" type="stmt"/>
        <line num="39" count="2" type="stmt"/>
        <line num="42" count="66" type="stmt"/>
        <line num="68" count="233" type="stmt"/>
        <line num="69" count="233" type="cond" truecount="2" falsecount="0"/>
        <line num="70" count="230" type="stmt"/>
      </file>
    </package>
    <package name="pages">
      <metrics statements="31" coveredstatements="31" conditionals="14" coveredconditionals="14" methods="6" coveredmethods="6"/>
      <file name="AuthPage.css" path="C:\Users\norap\Desktop\Practical\frontend\src\pages\AuthPage.css">
        <metrics statements="0" coveredstatements="0" conditionals="0" coveredconditionals="0" methods="0" coveredmethods="0"/>
      </file>
      <file name="LoginPage.jsx" path="C:\Users\norap\Desktop\Practical\frontend\src\pages\LoginPage.jsx">
        <metrics statements="31" coveredstatements="31" conditionals="14" coveredconditionals="14" methods="6" coveredmethods="6"/>
        <line num="8" count="199" type="stmt"/>
        <line num="9" count="199" type="stmt"/>
        <line num="10" count="199" type="stmt"/>
        <line num="11" count="199" type="stmt"/>
        <line num="12" count="199" type="stmt"/>
        <line num="13" count="199" type="stmt"/>
        <line num="15" count="199" type="stmt"/>
        <line num="16" count="10" type="stmt"/>
        <line num="17" count="10" type="cond" truecount="2" falsecount="0"/>
        <line num="19" count="9" type="stmt"/>
        <line num="20" count="9" type="stmt"/>
        <line num="21" count="9" type="stmt"/>
        <line num="22" count="9" type="stmt"/>
        <line num="23" count="7" type="stmt"/>
        <line num="25" count="2" type="cond" truecount="2" falsecount="0"/>
        <line num="27" count="9" type="stmt"/>
        <line num="31" count="199" type="stmt"/>
        <line num="32" count="4" type="stmt"/>
        <line num="33" count="4" type="cond" truecount="2" falsecount="0"/>
        <line num="35" count="3" type="stmt"/>
        <line num="36" count="3" type="stmt"/>
        <line num="37" count="3" type="stmt"/>
        <line num="38" count="3" type="stmt"/>
        <line num="39" count="1" type="stmt"/>
        <line num="40" count="1" type="stmt"/>
        <line num="42" count="2" type="cond" truecount="2" falsecount="0"/>
        <line num="44" count="3" type="stmt"/>
        <line num="48" count="199" type="stmt"/>
        <line num="65" count="142" type="stmt"/>
        <line num="86" count="18" type="stmt"/>
        <line num="94" count="1" type="stmt"/>
      </file>
    </package>
  </project>
</coverage>
