{"C:\\Users\\norap\\Desktop\\Practical\\frontend\\src\\api\\client.js": {"path":"C:\\Users\\norap\\Desktop\\Practical\\frontend\\src\\api\\client.js","statementMap":{"0":{"start":{"line":1,"column":17},"end":{"line":1,"column":23}},"1":{"start":{"line":9,"column":18},"end":{"line":9,"column":54}},"2":{"start":{"line":10,"column":4},"end":{"line":12,"column":5}},"3":{"start":{"line":11,"column":8},"end":{"line":11,"column":70}},"4":{"start":{"line":13,"column":4},"end":{"line":13,"column":23}},"5":{"start":{"line":17,"column":21},"end":{"line":17,"column":35}},"6":{"start":{"line":18,"column":4},"end":{"line":18,"column":34}},"7":{"start":{"line":20,"column":16},"end":{"line":23,"column":6}},"8":{"start":{"line":25,"column":4},"end":{"line":28,"column":5}},"9":{"start":{"line":26,"column":20},"end":{"line":26,"column":36}},"10":{"start":{"line":27,"column":8},"end":{"line":27,"column":55}},"11":{"start":{"line":30,"column":4},"end":{"line":30,"column":22}},"12":{"start":{"line":34,"column":16},"end":{"line":38,"column":6}},"13":{"start":{"line":40,"column":4},"end":{"line":43,"column":5}},"14":{"start":{"line":41,"column":20},"end":{"line":41,"column":36}},"15":{"start":{"line":42,"column":8},"end":{"line":42,"column":57}},"16":{"start":{"line":45,"column":4},"end":{"line":45,"column":22}},"17":{"start":{"line":49,"column":16},"end":{"line":53,"column":6}},"18":{"start":{"line":55,"column":4},"end":{"line":58,"column":5}},"19":{"start":{"line":56,"column":20},"end":{"line":56,"column":36}},"20":{"start":{"line":57,"column":8},"end":{"line":57,"column":53}},"21":{"start":{"line":60,"column":4},"end":{"line":60,"column":22}},"22":{"start":{"line":64,"column":16},"end":{"line":68,"column":6}},"23":{"start":{"line":69,"column":4},"end":{"line":73,"column":5}},"24":{"start":{"line":71,"column":8},"end":{"line":71,"column":93}},"25":{"start":{"line":71,"column":14},"end":{"line":71,"column":37}},"26":{"start":{"line":71,"column":51},"end":{"line":71,"column":91}},"27":{"start":{"line":72,"column":8},"end":{"line":72,"column":63}},"28":{"start":{"line":74,"column":4},"end":{"line":74,"column":22}},"29":{"start":{"line":78,"column":16},"end":{"line":82,"column":6}},"30":{"start":{"line":83,"column":4},"end":{"line":87,"column":5}},"31":{"start":{"line":85,"column":8},"end":{"line":85,"column":92}},"32":{"start":{"line":85,"column":14},"end":{"line":85,"column":37}},"33":{"start":{"line":85,"column":51},"end":{"line":85,"column":90}},"34":{"start":{"line":86,"column":8},"end":{"line":86,"column":62}},"35":{"start":{"line":88,"column":4},"end":{"line":88,"column":22}},"36":{"start":{"line":92,"column":16},"end":{"line":95,"column":6}},"37":{"start":{"line":97,"column":4},"end":{"line":99,"column":5}},"38":{"start":{"line":98,"column":8},"end":{"line":98,"column":51}},"39":{"start":{"line":100,"column":4},"end":{"line":100,"column":22}},"40":{"start":{"line":104,"column":16},"end":{"line":108,"column":6}},"41":{"start":{"line":109,"column":4},"end":{"line":112,"column":5}},"42":{"start":{"line":110,"column":20},"end":{"line":110,"column":54}},"43":{"start":{"line":110,"column":50},"end":{"line":110,"column":52}},"44":{"start":{"line":111,"column":8},"end":{"line":111,"column":65}},"45":{"start":{"line":113,"column":4},"end":{"line":113,"column":22}}},"fnMap":{"0":{"name":"getAuthHeaders","decl":{"start":{"line":8,"column":9},"end":{"line":8,"column":23}},"loc":{"start":{"line":8,"column":42},"end":{"line":14,"column":1}},"line":8},"1":{"name":"uploadFile","decl":{"start":{"line":16,"column":22},"end":{"line":16,"column":32}},"loc":{"start":{"line":16,"column":39},"end":{"line":31,"column":1}},"line":16},"2":{"name":"analyzeFile","decl":{"start":{"line":33,"column":22},"end":{"line":33,"column":33}},"loc":{"start":{"line":33,"column":44},"end":{"line":46,"column":1}},"line":33},"3":{"name":"chatWithAI","decl":{"start":{"line":48,"column":22},"end":{"line":48,"column":32}},"loc":{"start":{"line":48,"column":56},"end":{"line":61,"column":1}},"line":48},"4":{"name":"requestOtp","decl":{"start":{"line":63,"column":22},"end":{"line":63,"column":32}},"loc":{"start":{"line":63,"column":40},"end":{"line":75,"column":1}},"line":63},"5":{"name":"verifyOtp","decl":{"start":{"line":77,"column":22},"end":{"line":77,"column":31}},"loc":{"start":{"line":77,"column":44},"end":{"line":89,"column":1}},"line":77},"6":{"name":"getHistory","decl":{"start":{"line":91,"column":22},"end":{"line":91,"column":32}},"loc":{"start":{"line":91,"column":35},"end":{"line":101,"column":1}},"line":91},"7":{"name":"uploadAvatar","decl":{"start":{"line":103,"column":22},"end":{"line":103,"column":34}},"loc":{"start":{"line":103,"column":48},"end":{"line":114,"column":1}},"line":103},"8":{"name":"(anonymous_8)","decl":{"start":{"line":110,"column":43},"end":{"line":110,"column":44}},"loc":{"start":{"line":110,"column":50},"end":{"line":110,"column":52}},"line":110}},"branchMap":{"0":{"loc":{"start":{"line":8,"column":24},"end":{"line":8,"column":40}},"type":"default-arg","locations":[{"start":{"line":8,"column":38},"end":{"line":8,"column":40}}],"line":8},"1":{"loc":{"start":{"line":10,"column":4},"end":{"line":12,"column":5}},"type":"if","locations":[{"start":{"line":10,"column":4},"end":{"line":12,"column":5}},{"start":{},"end":{}}],"line":10},"2":{"loc":{"start":{"line":25,"column":4},"end":{"line":28,"column":5}},"type":"if","locations":[{"start":{"line":25,"column":4},"end":{"line":28,"column":5}},{"start":{},"end":{}}],"line":25},"3":{"loc":{"start":{"line":27,"column":24},"end":{"line":27,"column":53}},"type":"binary-expr","locations":[{"start":{"line":27,"column":24},"end":{"line":27,"column":34}},{"start":{"line":27,"column":38},"end":{"line":27,"column":53}}],"line":27},"4":{"loc":{"start":{"line":40,"column":4},"end":{"line":43,"column":5}},"type":"if","locations":[{"start":{"line":40,"column":4},"end":{"line":43,"column":5}},{"start":{},"end":{}}],"line":40},"5":{"loc":{"start":{"line":42,"column":24},"end":{"line":42,"column":55}},"type":"binary-expr","locations":[{"start":{"line":42,"column":24},"end":{"line":42,"column":34}},{"start":{"line":42,"column":38},"end":{"line":42,"column":55}}],"line":42},"6":{"loc":{"start":{"line":48,"column":42},"end":{"line":48,"column":54}},"type":"default-arg","locations":[{"start":{"line":48,"column":52},"end":{"line":48,"column":54}}],"line":48},"7":{"loc":{"start":{"line":55,"column":4},"end":{"line":58,"column":5}},"type":"if","locations":[{"start":{"line":55,"column":4},"end":{"line":58,"column":5}},{"start":{},"end":{}}],"line":55},"8":{"loc":{"start":{"line":57,"column":24},"end":{"line":57,"column":51}},"type":"binary-expr","locations":[{"start":{"line":57,"column":24},"end":{"line":57,"column":34}},{"start":{"line":57,"column":38},"end":{"line":57,"column":51}}],"line":57},"9":{"loc":{"start":{"line":69,"column":4},"end":{"line":73,"column":5}},"type":"if","locations":[{"start":{"line":69,"column":4},"end":{"line":73,"column":5}},{"start":{},"end":{}}],"line":69},"10":{"loc":{"start":{"line":72,"column":24},"end":{"line":72,"column":61}},"type":"binary-expr","locations":[{"start":{"line":72,"column":24},"end":{"line":72,"column":34}},{"start":{"line":72,"column":38},"end":{"line":72,"column":61}}],"line":72},"11":{"loc":{"start":{"line":83,"column":4},"end":{"line":87,"column":5}},"type":"if","locations":[{"start":{"line":83,"column":4},"end":{"line":87,"column":5}},{"start":{},"end":{}}],"line":83},"12":{"loc":{"start":{"line":86,"column":24},"end":{"line":86,"column":60}},"type":"binary-expr","locations":[{"start":{"line":86,"column":24},"end":{"line":86,"column":34}},{"start":{"line":86,"column":38},"end":{"line":86,"column":60}}],"line":86},"13":{"loc":{"start":{"line":97,"column":4},"end":{"line":99,"column":5}},"type":"if","locations":[{"start":{"line":97,"column":4},"end":{"line":99,"column":5}},{"start":{},"end":{}}],"line":97},"14":{"loc":{"start":{"line":109,"column":4},"end":{"line":112,"column":5}},"type":"if","locations":[{"start":{"line":109,"column":4},"end":{"line":112,"column":5}},{"start":{},"end":{}}],"line":109},"15":{"loc":{"start":{"line":111,"column":24},"end":{"line":111,"column":63}},"type":"binary-expr","locations":[{"start":{"line":111,"column":24},"end":{"line":111,"column":34}},{"start":{"line":111,"column":38},"end":{"line":111,"column":63}}],"line":111}},"s":{"0":1,"1":12,"2":12,"3":1,"4":11,"5":3,"6":3,"7":3,"8":3,"9":2,"10":2,"11":1,"12":3,"13":3,"14":2,"15":2,"16":1,"17":3,"18":3,"19":2,"20":2,"21":1,"22":4,"23":4,"24":2,"25":2,"26":1,"27":2,"28":2,"29":4,"30":4,"31":2,"32":2,"33":1,"34":2,"35":2,"36":3,"37":3,"38":1,"39":2,"40":3,"41":3,"42":2,"43":1,"44":2,"45":1},"f":{"0":12,"1":3,"2":3,"3":3,"4":4,"5":4,"6":3,"7":3,"8":1},"b":{"0":[12],"1":[1,11],"2":[2,1],"3":[2,1],"4":[2,1],"5":[2,1],"6":[3],"7":[2,1],"8":[2,1],"9":[2,2],"10":[2,0],"11":[2,2],"12":[2,0],"13":[1,2],"14":[2,1],"15":[2,1]},"meta":{"lastBranch":16,"lastFunction":9,"lastStatement":46,"seen":{"s:1:17:1:23":0,"f:8:9:8:23":0,"b:8:38:8:40":0,"s:9:18:9:54":1,"b:10:4:12:5:undefined:undefined:undefined:undefined":1,"s:10:4:12:5":2,"s:11:8:11:70":3,"s:13:4:13:23":4,"f:16:22:16:32":1,"s:17:21:17:35":5,"s:18:4:18:34":6,"s:20:16:23:6":7,"b:25:4:28:5:undefined:undefined:undefined:undefined":2,"s:25:4:28:5":8,"s:26:20:26:36":9,"s:27:8:27:55":10,"b:27:24:27:34:27:38:27:53":3,"s:30:4:30:22":11,"f:33:22:33:33":2,"s:34:16:38:6":12,"b:40:4:43:5:undefined:undefined:undefined:undefined":4,"s:40:4:43:5":13,"s:41:20:41:36":14,"s:42:8:42:57":15,"b:42:24:42:34:42:38:42:55":5,"s:45:4:45:22":16,"f:48:22:48:32":3,"b:48:52:48:54":6,"s:49:16:53:6":17,"b:55:4:58:5:undefined:undefined:undefined:undefined":7,"s:55:4:58:5":18,"s:56:20:56:36":19,"s:57:8:57:53":20,"b:57:24:57:34:57:38:57:51":8,"s:60:4:60:22":21,"f:63:22:63:32":4,"s:64:16:68:6":22,"b:69:4:73:5:undefined:undefined:undefined:undefined":9,"s:69:4:73:5":23,"s:71:8:71:93":24,"s:71:14:71:37":25,"s:71:51:71:91":26,"s:72:8:72:63":27,"b:72:24:72:34:72:38:72:61":10,"s:74:4:74:22":28,"f:77:22:77:31":5,"s:78:16:82:6":29,"b:83:4:87:5:undefined:undefined:undefined:undefined":11,"s:83:4:87:5":30,"s:85:8:85:92":31,"s:85:14:85:37":32,"s:85:51:85:90":33,"s:86:8:86:62":34,"b:86:24:86:34:86:38:86:60":12,"s:88:4:88:22":35,"f:91:22:91:32":6,"s:92:16:95:6":36,"b:97:4:99:5:undefined:undefined:undefined:undefined":13,"s:97:4:99:5":37,"s:98:8:98:51":38,"s:100:4:100:22":39,"f:103:22:103:34":7,"s:104:16:108:6":40,"b:109:4:112:5:undefined:undefined:undefined:undefined":14,"s:109:4:112:5":41,"s:110:20:110:54":42,"f:110:43:110:44":8,"s:110:50:110:52":43,"s:111:8:111:65":44,"b:111:24:111:34:111:38:111:63":15,"s:113:4:113:22":45}}}
,"C:\\Users\\norap\\Desktop\\Practical\\frontend\\src\\components\\Layout.css": {"path":"C:\\Users\\norap\\Desktop\\Practical\\frontend\\src\\components\\Layout.css","statementMap":{},"fnMap":{},"branchMap":{},"s":{},"f":{},"b":{},"meta":{"lastBranch":0,"lastFunction":0,"lastStatement":0,"seen":{}}}
,"C:\\Users\\norap\\Desktop\\Practical\\frontend\\src\\components\\Layout.jsx": {"path":"C:\\Users\\norap\\Desktop\\Practical\\frontend\\src\\components\\Layout.jsx","statementMap":{"0":{"start":{"line":9,"column":24},"end":{"line":9,"column":null}},"1":{"start":{"line":10,"column":10},"end":{"line":10,"column":null}},"2":{"start":{"line":12,"column":8},"end":{"line":14,"column":null}},"3":{"start":{"line":16,"column":4},"end":{"line":27,"column":null}}},"fnMap":{"0":{"name":"Layout","decl":{"start":{"line":8,"column":24},"end":{"line":8,"column":33}},"loc":{"start":{"line":8,"column":33},"end":{"line":29,"column":null}},"line":8}},"branchMap":{"0":{"loc":{"start":{"line":12,"column":8},"end":{"line":14,"column":null}},"type":"binary-expr","locations":[{"start":{"line":12,"column":8},"end":{"line":12,"column":null}},{"start":{"line":13,"column":8},"end":{"line":13,"column":null}},{"start":{"line":14,"column":8},"end":{"line":14,"column":null}}],"line":12},"1":{"loc":{"start":{"line":19,"column":13},"end":{"line":19,"column":null}},"type":"binary-expr","locations":[{"start":{"line":19,"column":13},"end":{"line":19,"column":27}},{"start":{"line":19,"column":27},"end":{"line":19,"column":null}}],"line":19},"2":{"loc":{"start":{"line":21,"column":43},"end":{"line":21,"column":88}},"type":"cond-expr","locations":[{"start":{"line":21,"column":55},"end":{"line":21,"column":60}},{"start":{"line":21,"column":60},"end":{"line":21,"column":88}}],"line":21},"3":{"loc":{"start":{"line":21,"column":92},"end":{"line":21,"column":null}},"type":"cond-expr","locations":[{"start":{"line":21,"column":120},"end":{"line":21,"column":151}},{"start":{"line":21,"column":151},"end":{"line":21,"column":null}}],"line":21},"4":{"loc":{"start":{"line":21,"column":92},"end":{"line":21,"column":120}},"type":"binary-expr","locations":[{"start":{"line":21,"column":92},"end":{"line":21,"column":106}},{"start":{"line":21,"column":106},"end":{"line":21,"column":120}}],"line":21}},"s":{"0":11,"1":11,"2":11,"3":11},"f":{"0":11},"b":{"0":[11,7,6],"1":[11,5],"2":[6,5],"3":[1,10],"4":[11,5]},"meta":{"lastBranch":5,"lastFunction":1,"lastStatement":4,"seen":{"f:8:24:8:33":0,"s:9:24:9:Infinity":0,"s:10:10:10:Infinity":1,"s:12:8:14:Infinity":2,"b:12:8:12:Infinity:13:8:13:Infinity:14:8:14:Infinity":0,"s:16:4:27:Infinity":3,"b:19:13:19:27:19:27:19:Infinity":1,"b:21:55:21:60:21:60:21:88":2,"b:21:120:21:151:21:151:21:Infinity":3,"b:21:92:21:106:21:106:21:120":4}}}
,"C:\\Users\\norap\\Desktop\\Practical\\frontend\\src\\components\\Navbar.css": {"path":"C:\\Users\\norap\\Desktop\\Practical\\frontend\\src\\components\\Navbar.css","statementMap":{},"fnMap":{},"branchMap":{},"s":{},"f":{},"b":{},"meta":{"lastBranch":0,"lastFunction":0,"lastStatement":0,"seen":{}}}
,"C:\\Users\\norap\\Desktop\\Practical\\frontend\\src\\components\\Navbar.jsx": {"path":"C:\\Users\\norap\\Desktop\\Practical\\frontend\\src\\components\\Navbar.jsx","statementMap":{"0":{"start":{"line":6,"column":46},"end":{"line":6,"column":null}},"1":{"start":{"line":7,"column":10},"end":{"line":7,"column":null}},"2":{"start":{"line":9,"column":22},"end":{"line":9,"column":null}},"3":{"start":{"line":11,"column":4},"end":{"line":69,"column":null}},"4":{"start":{"line":18,"column":39},"end":{"line":18,"column":null}},"5":{"start":{"line":60,"column":32},"end":{"line":60,"column":null}},"6":{"start":{"line":61,"column":32},"end":{"line":61,"column":null}}},"fnMap":{"0":{"name":"Navbar","decl":{"start":{"line":5,"column":24},"end":{"line":5,"column":33}},"loc":{"start":{"line":5,"column":33},"end":{"line":71,"column":null}},"line":5},"1":{"name":"(anonymous_1)","decl":{"start":{"line":18,"column":33},"end":{"line":18,"column":39}},"loc":{"start":{"line":18,"column":39},"end":{"line":18,"column":null}},"line":18},"2":{"name":"(anonymous_2)","decl":{"start":{"line":59,"column":37},"end":{"line":59,"column":43}},"loc":{"start":{"line":59,"column":43},"end":{"line":62,"column":null}},"line":59}},"branchMap":{"0":{"loc":{"start":{"line":9,"column":22},"end":{"line":9,"column":null}},"type":"binary-expr","locations":[{"start":{"line":9,"column":22},"end":{"line":9,"column":51}},{"start":{"line":9,"column":51},"end":{"line":9,"column":85}},{"start":{"line":9,"column":85},"end":{"line":9,"column":null}}],"line":9},"1":{"loc":{"start":{"line":12,"column":34},"end":{"line":12,"column":68}},"type":"cond-expr","locations":[{"start":{"line":12,"column":46},"end":{"line":12,"column":66}},{"start":{"line":12,"column":66},"end":{"line":12,"column":68}}],"line":12},"2":{"loc":{"start":{"line":15,"column":17},"end":{"line":24,"column":null}},"type":"binary-expr","locations":[{"start":{"line":15,"column":17},"end":{"line":15,"column":null}},{"start":{"line":16,"column":20},"end":{"line":24,"column":null}}],"line":15},"3":{"loc":{"start":{"line":35,"column":17},"end":{"line":66,"column":null}},"type":"cond-expr","locations":[{"start":{"line":36,"column":20},"end":{"line":43,"column":null}},{"start":{"line":45,"column":20},"end":{"line":66,"column":null}}],"line":35},"4":{"loc":{"start":{"line":54,"column":38},"end":{"line":54,"column":76}},"type":"binary-expr","locations":[{"start":{"line":54,"column":38},"end":{"line":54,"column":63}},{"start":{"line":54,"column":63},"end":{"line":54,"column":76}}],"line":54}},"s":{"0":11,"1":11,"2":11,"3":11,"4":1,"5":1,"6":1},"f":{"0":11,"1":1,"2":1},"b":{"0":[11,7,6],"1":[5,6],"2":[11,6],"3":[5,6],"4":[6,6]},"meta":{"lastBranch":5,"lastFunction":3,"lastStatement":7,"seen":{"f:5:24:5:33":0,"s:6:46:6:Infinity":0,"s:7:10:7:Infinity":1,"s:9:22:9:Infinity":2,"b:9:22:9:51:9:51:9:85:9:85:9:Infinity":0,"s:11:4:69:Infinity":3,"b:12:46:12:66:12:66:12:68":1,"b:15:17:15:Infinity:16:20:24:Infinity":2,"f:18:33:18:39":1,"s:18:39:18:Infinity":4,"b:36:20:43:Infinity:45:20:66:Infinity":3,"b:54:38:54:63:54:63:54:76":4,"f:59:37:59:43":2,"s:60:32:60:Infinity":5,"s:61:32:61:Infinity":6}}}
,"C:\\Users\\norap\\Desktop\\Practical\\frontend\\src\\contexts\\AppContext.jsx": {"path":"C:\\Users\\norap\\Desktop\\Practical\\frontend\\src\\contexts\\AppContext.jsx","statementMap":{"0":{"start":{"line":3,"column":6},"end":{"line":3,"column":null}},"1":{"start":{"line":7,"column":24},"end":{"line":10,"column":null}},"2":{"start":{"line":8,"column":26},"end":{"line":8,"column":null}},"3":{"start":{"line":9,"column":8},"end":{"line":9,"column":null}},"4":{"start":{"line":13,"column":40},"end":{"line":13,"column":null}},"5":{"start":{"line":14,"column":44},"end":{"line":14,"column":null}},"6":{"start":{"line":15,"column":40},"end":{"line":15,"column":null}},"7":{"start":{"line":18,"column":38},"end":{"line":18,"column":null}},"8":{"start":{"line":21,"column":34},"end":{"line":21,"column":null}},"9":{"start":{"line":23,"column":18},"end":{"line":27,"column":null}},"10":{"start":{"line":24,"column":8},"end":{"line":24,"column":null}},"11":{"start":{"line":25,"column":8},"end":{"line":25,"column":null}},"12":{"start":{"line":26,"column":8},"end":{"line":26,"column":null}},"13":{"start":{"line":29,"column":19},"end":{"line":36,"column":null}},"14":{"start":{"line":30,"column":8},"end":{"line":30,"column":null}},"15":{"start":{"line":31,"column":8},"end":{"line":31,"column":null}},"16":{"start":{"line":32,"column":8},"end":{"line":32,"column":null}},"17":{"start":{"line":33,"column":8},"end":{"line":33,"column":null}},"18":{"start":{"line":34,"column":8},"end":{"line":34,"column":null}},"19":{"start":{"line":35,"column":8},"end":{"line":35,"column":null}},"20":{"start":{"line":38,"column":27},"end":{"line":40,"column":null}},"21":{"start":{"line":39,"column":8},"end":{"line":39,"column":null}},"22":{"start":{"line":39,"column":34},"end":{"line":39,"column":62}},"23":{"start":{"line":42,"column":4},"end":{"line":63,"column":null}},"24":{"start":{"line":68,"column":10},"end":{"line":68,"column":null}},"25":{"start":{"line":69,"column":4},"end":{"line":69,"column":null}},"26":{"start":{"line":69,"column":14},"end":{"line":69,"column":null}},"27":{"start":{"line":70,"column":4},"end":{"line":70,"column":null}}},"fnMap":{"0":{"name":"AppProvider","decl":{"start":{"line":5,"column":16},"end":{"line":5,"column":28}},"loc":{"start":{"line":5,"column":42},"end":{"line":65,"column":null}},"line":5},"1":{"name":"(anonymous_1)","decl":{"start":{"line":7,"column":37},"end":{"line":7,"column":43}},"loc":{"start":{"line":7,"column":43},"end":{"line":10,"column":5}},"line":7},"2":{"name":"(anonymous_2)","decl":{"start":{"line":23,"column":18},"end":{"line":23,"column":19}},"loc":{"start":{"line":23,"column":39},"end":{"line":27,"column":null}},"line":23},"3":{"name":"(anonymous_3)","decl":{"start":{"line":29,"column":19},"end":{"line":29,"column":25}},"loc":{"start":{"line":29,"column":25},"end":{"line":36,"column":null}},"line":29},"4":{"name":"(anonymous_4)","decl":{"start":{"line":38,"column":27},"end":{"line":38,"column":28}},"loc":{"start":{"line":38,"column":46},"end":{"line":40,"column":null}},"line":38},"5":{"name":"(anonymous_5)","decl":{"start":{"line":39,"column":24},"end":{"line":39,"column":25}},"loc":{"start":{"line":39,"column":34},"end":{"line":39,"column":62}},"line":39},"6":{"name":"useApp","decl":{"start":{"line":67,"column":16},"end":{"line":67,"column":25}},"loc":{"start":{"line":67,"column":25},"end":{"line":71,"column":null}},"line":67}},"branchMap":{"0":{"loc":{"start":{"line":9,"column":15},"end":{"line":9,"column":null}},"type":"cond-expr","locations":[{"start":{"line":9,"column":27},"end":{"line":9,"column":51}},{"start":{"line":9,"column":51},"end":{"line":9,"column":null}}],"line":9},"1":{"loc":{"start":{"line":69,"column":4},"end":{"line":69,"column":null}},"type":"if","locations":[{"start":{"line":69,"column":4},"end":{"line":69,"column":null}},{"start":{},"end":{}}],"line":69}},"s":{"0":4,"1":66,"2":37,"3":37,"4":66,"5":66,"6":66,"7":66,"8":66,"9":66,"10":2,"11":2,"12":2,"13":66,"14":1,"15":1,"16":1,"17":1,"18":1,"19":1,"20":66,"21":2,"22":2,"23":66,"24":233,"25":233,"26":2,"27":230},"f":{"0":66,"1":37,"2":2,"3":1,"4":2,"5":2,"6":233},"b":{"0":[1,36],"1":[2,231]},"meta":{"lastBranch":2,"lastFunction":7,"lastStatement":28,"seen":{"s:3:6:3:Infinity":0,"f:5:16:5:28":0,"s:7:24:10:Infinity":1,"f:7:37:7:43":1,"s:8:26:8:Infinity":2,"s:9:8:9:Infinity":3,"b:9:27:9:51:9:51:9:Infinity":0,"s:13:40:13:Infinity":4,"s:14:44:14:Infinity":5,"s:15:40:15:Infinity":6,"s:18:38:18:Infinity":7,"s:21:34:21:Infinity":8,"s:23:18:27:Infinity":9,"f:23:18:23:19":2,"s:24:8:24:Infinity":10,"s:25:8:25:Infinity":11,"s:26:8:26:Infinity":12,"s:29:19:36:Infinity":13,"f:29:19:29:25":3,"s:30:8:30:Infinity":14,"s:31:8:31:Infinity":15,"s:32:8:32:Infinity":16,"s:33:8:33:Infinity":17,"s:34:8:34:Infinity":18,"s:35:8:35:Infinity":19,"s:38:27:40:Infinity":20,"f:38:27:38:28":4,"s:39:8:39:Infinity":21,"f:39:24:39:25":5,"s:39:34:39:62":22,"s:42:4:63:Infinity":23,"f:67:16:67:25":6,"s:68:10:68:Infinity":24,"b:69:4:69:Infinity:undefined:undefined:undefined:undefined":1,"s:69:4:69:Infinity":25,"s:69:14:69:Infinity":26,"s:70:4:70:Infinity":27}}}
,"C:\\Users\\norap\\Desktop\\Practical\\frontend\\src\\pages\\AuthPage.css": {"path":"C:\\Users\\norap\\Desktop\\Practical\\frontend\\src\\pages\\AuthPage.css","statementMap":{},"fnMap":{},"branchMap":{},"s":{},"f":{},"b":{},"meta":{"lastBranch":0,"lastFunction":0,"lastStatement":0,"seen":{}}}
,"C:\\Users\\norap\\Desktop\\Practical\\frontend\\src\\pages\\LoginPage.jsx": {"path":"C:\\Users\\norap\\Desktop\\Practical\\frontend\\src\\pages\\LoginPage.jsx","statementMap":{"0":{"start":{"line":8,"column":26},"end":{"line":8,"column":null}},"1":{"start":{"line":9,"column":22},"end":{"line":9,"column":null}},"2":{"start":{"line":10,"column":24},"end":{"line":10,"column":null}},"3":{"start":{"line":11,"column":26},"end":{"line":11,"column":null}},"4":{"start":{"line":12,"column":32},"end":{"line":12,"column":null}},"5":{"start":{"line":13,"column":10},"end":{"line":13,"column":null}},"6":{"start":{"line":15,"column":29},"end":{"line":29,"column":null}},"7":{"start":{"line":16,"column":8},"end":{"line":16,"column":null}},"8":{"start":{"line":17,"column":8},"end":{"line":17,"column":null}},"9":{"start":{"line":17,"column":27},"end":{"line":17,"column":null}},"10":{"start":{"line":19,"column":8},"end":{"line":19,"column":null}},"11":{"start":{"line":20,"column":8},"end":{"line":20,"column":null}},"12":{"start":{"line":21,"column":8},"end":{"line":28,"column":null}},"13":{"start":{"line":22,"column":12},"end":{"line":22,"column":null}},"14":{"start":{"line":23,"column":12},"end":{"line":23,"column":null}},"15":{"start":{"line":25,"column":12},"end":{"line":25,"column":null}},"16":{"start":{"line":27,"column":12},"end":{"line":27,"column":null}},"17":{"start":{"line":31,"column":28},"end":{"line":46,"column":null}},"18":{"start":{"line":32,"column":8},"end":{"line":32,"column":null}},"19":{"start":{"line":33,"column":8},"end":{"line":33,"column":null}},"20":{"start":{"line":33,"column":25},"end":{"line":33,"column":null}},"21":{"start":{"line":35,"column":8},"end":{"line":35,"column":null}},"22":{"start":{"line":36,"column":8},"end":{"line":36,"column":null}},"23":{"start":{"line":37,"column":8},"end":{"line":45,"column":null}},"24":{"start":{"line":38,"column":25},"end":{"line":38,"column":null}},"25":{"start":{"line":39,"column":12},"end":{"line":39,"column":null}},"26":{"start":{"line":40,"column":12},"end":{"line":40,"column":null}},"27":{"start":{"line":42,"column":12},"end":{"line":42,"column":null}},"28":{"start":{"line":44,"column":12},"end":{"line":44,"column":null}},"29":{"start":{"line":48,"column":4},"end":{"line":107,"column":null}},"30":{"start":{"line":65,"column":49},"end":{"line":65,"column":null}},"31":{"start":{"line":86,"column":49},"end":{"line":86,"column":null}},"32":{"start":{"line":94,"column":61},"end":{"line":94,"column":73}}},"fnMap":{"0":{"name":"LoginPage","decl":{"start":{"line":7,"column":24},"end":{"line":7,"column":36}},"loc":{"start":{"line":7,"column":36},"end":{"line":109,"column":null}},"line":7},"1":{"name":"(anonymous_1)","decl":{"start":{"line":15,"column":29},"end":{"line":15,"column":36}},"loc":{"start":{"line":15,"column":42},"end":{"line":29,"column":null}},"line":15},"2":{"name":"(anonymous_2)","decl":{"start":{"line":31,"column":28},"end":{"line":31,"column":35}},"loc":{"start":{"line":31,"column":41},"end":{"line":46,"column":null}},"line":31},"3":{"name":"(anonymous_3)","decl":{"start":{"line":65,"column":42},"end":{"line":65,"column":43}},"loc":{"start":{"line":65,"column":49},"end":{"line":65,"column":null}},"line":65},"4":{"name":"(anonymous_4)","decl":{"start":{"line":86,"column":42},"end":{"line":86,"column":43}},"loc":{"start":{"line":86,"column":49},"end":{"line":86,"column":null}},"line":86},"5":{"name":"(anonymous_5)","decl":{"start":{"line":94,"column":55},"end":{"line":94,"column":61}},"loc":{"start":{"line":94,"column":61},"end":{"line":94,"column":73}},"line":94}},"branchMap":{"0":{"loc":{"start":{"line":17,"column":8},"end":{"line":17,"column":null}},"type":"if","locations":[{"start":{"line":17,"column":8},"end":{"line":17,"column":null}},{"start":{},"end":{}}],"line":17},"1":{"loc":{"start":{"line":25,"column":21},"end":{"line":25,"column":59}},"type":"binary-expr","locations":[{"start":{"line":25,"column":21},"end":{"line":25,"column":36}},{"start":{"line":25,"column":36},"end":{"line":25,"column":59}}],"line":25},"2":{"loc":{"start":{"line":33,"column":8},"end":{"line":33,"column":null}},"type":"if","locations":[{"start":{"line":33,"column":8},"end":{"line":33,"column":null}},{"start":{},"end":{}}],"line":33},"3":{"loc":{"start":{"line":42,"column":21},"end":{"line":42,"column":49}},"type":"binary-expr","locations":[{"start":{"line":42,"column":21},"end":{"line":42,"column":36}},{"start":{"line":42,"column":36},"end":{"line":42,"column":49}}],"line":42},"4":{"loc":{"start":{"line":55,"column":17},"end":{"line":55,"column":null}},"type":"binary-expr","locations":[{"start":{"line":55,"column":17},"end":{"line":55,"column":26}},{"start":{"line":55,"column":26},"end":{"line":55,"column":null}}],"line":55},"5":{"loc":{"start":{"line":57,"column":17},"end":{"line":97,"column":null}},"type":"cond-expr","locations":[{"start":{"line":58,"column":20},"end":{"line":73,"column":null}},{"start":{"line":75,"column":20},"end":{"line":97,"column":null}}],"line":57},"6":{"loc":{"start":{"line":100,"column":17},"end":{"line":104,"column":null}},"type":"binary-expr","locations":[{"start":{"line":100,"column":17},"end":{"line":100,"column":null}},{"start":{"line":101,"column":20},"end":{"line":104,"column":null}}],"line":100}},"s":{"0":199,"1":199,"2":199,"3":199,"4":199,"5":199,"6":199,"7":10,"8":10,"9":1,"10":9,"11":9,"12":9,"13":9,"14":7,"15":2,"16":9,"17":199,"18":4,"19":4,"20":1,"21":3,"22":3,"23":3,"24":3,"25":1,"26":1,"27":2,"28":3,"29":199,"30":142,"31":18,"32":1},"f":{"0":199,"1":10,"2":4,"3":142,"4":18,"5":1},"b":{"0":[1,9],"1":[2,1],"2":[1,3],"3":[2,1],"4":[199,4],"5":[167,32],"6":[199,167]},"meta":{"lastBranch":7,"lastFunction":6,"lastStatement":33,"seen":{"f:7:24:7:36":0,"s:8:26:8:Infinity":0,"s:9:22:9:Infinity":1,"s:10:24:10:Infinity":2,"s:11:26:11:Infinity":3,"s:12:32:12:Infinity":4,"s:13:10:13:Infinity":5,"s:15:29:29:Infinity":6,"f:15:29:15:36":1,"s:16:8:16:Infinity":7,"b:17:8:17:Infinity:undefined:undefined:undefined:undefined":0,"s:17:8:17:Infinity":8,"s:17:27:17:Infinity":9,"s:19:8:19:Infinity":10,"s:20:8:20:Infinity":11,"s:21:8:28:Infinity":12,"s:22:12:22:Infinity":13,"s:23:12:23:Infinity":14,"s:25:12:25:Infinity":15,"b:25:21:25:36:25:36:25:59":1,"s:27:12:27:Infinity":16,"s:31:28:46:Infinity":17,"f:31:28:31:35":2,"s:32:8:32:Infinity":18,"b:33:8:33:Infinity:undefined:undefined:undefined:undefined":2,"s:33:8:33:Infinity":19,"s:33:25:33:Infinity":20,"s:35:8:35:Infinity":21,"s:36:8:36:Infinity":22,"s:37:8:45:Infinity":23,"s:38:25:38:Infinity":24,"s:39:12:39:Infinity":25,"s:40:12:40:Infinity":26,"s:42:12:42:Infinity":27,"b:42:21:42:36:42:36:42:49":3,"s:44:12:44:Infinity":28,"s:48:4:107:Infinity":29,"b:55:17:55:26:55:26:55:Infinity":4,"b:58:20:73:Infinity:75:20:97:Infinity":5,"f:65:42:65:43":3,"s:65:49:65:Infinity":30,"f:86:42:86:43":4,"s:86:49:86:Infinity":31,"f:94:55:94:61":5,"s:94:61:94:73":32,"b:100:17:100:Infinity:101:20:104:Infinity":6}}}
}
